::1 - - [18/Jul/2025:15:26:09 -0400] "GET / HTTP/1.1" 200 615 "-" "Wget" "-"
::1 - - [18/Jul/2025:15:26:39 -0400] "GET / HTTP/1.1" 200 615 "-" "Wget" "-"
::1 - - [18/Jul/2025:15:27:10 -0400] "GET / HTTP/1.1" 200 615 "-" "Wget" "-"
::1 - - [18/Jul/2025:15:27:40 -0400] "GET / HTTP/1.1" 200 615 "-" "Wget" "-"
67.166.221.114 - - [18/Jul/2025:15:27:51 -0400] "GET / HTTP/1.1" 200 615 "-" "Mozilla/5.0 (Macintosh; Intel Mac OS X 10_15_7) AppleWebKit/537.36 (KHTML, like Gecko) Chrome/138.0.0.0 Safari/537.36" "-"
67.166.221.114 - - [18/Jul/2025:15:27:51 -0400] "GET /favicon.ico HTTP/1.1" 404 555 "http://168.231.74.45:8085/" "Mozilla/5.0 (Macintosh; Intel Mac OS X 10_15_7) AppleWebKit/537.36 (KHTML, like Gecko) Chrome/138.0.0.0 Safari/537.36" "-"
::1 - - [18/Jul/2025:15:28:10 -0400] "GET / HTTP/1.1" 200 615 "-" "Wget" "-"
172.18.0.1 - - [18/Jul/2025:15:28:28 -0400] "GET / HTTP/1.1" 200 615 "-" "Mozilla/5.0 (Macintosh; Intel Mac OS X 10_15_7) AppleWebKit/537.36 (KHTML, like Gecko) Chrome/138.0.0.0 Safari/537.36" "2601:c6:d701:12ce:c8d7:d779:5614:879f"
172.18.0.1 - - [18/Jul/2025:15:28:28 -0400] "GET /favicon.ico HTTP/1.1" 404 555 "https://saas-dev.unifiedaisolutions.com/" "Mozilla/5.0 (Macintosh; Intel Mac OS X 10_15_7) AppleWebKit/537.36 (KHTML, like Gecko) Chrome/138.0.0.0 Safari/537.36" "2601:c6:d701:12ce:c8d7:d779:5614:879f"
::1 - - [18/Jul/2025:15:28:40 -0400] "GET / HTTP/1.1" 200 615 "-" "Wget" "-"
::1 - - [18/Jul/2025:15:29:10 -0400] "GET / HTTP/1.1" 200 615 "-" "Wget" "-"
::1 - - [18/Jul/2025:15:29:40 -0400] "GET / HTTP/1.1" 200 615 "-" "Wget" "-"
::1 - - [18/Jul/2025:15:30:10 -0400] "GET / HTTP/1.1" 200 615 "-" "Wget" "-"
::1 - - [18/Jul/2025:15:30:40 -0400] "GET / HTTP/1.1" 200 615 "-" "Wget" "-"
::1 - - [18/Jul/2025:15:31:10 -0400] "GET / HTTP/1.1" 200 615 "-" "Wget" "-"
::1 - - [18/Jul/2025:15:31:40 -0400] "GET / HTTP/1.1" 200 615 "-" "Wget" "-"
::1 - - [18/Jul/2025:15:32:10 -0400] "GET / HTTP/1.1" 200 615 "-" "Wget" "-"
::1 - - [18/Jul/2025:15:32:40 -0400] "GET / HTTP/1.1" 200 615 "-" "Wget" "-"
::1 - - [18/Jul/2025:15:33:10 -0400] "GET / HTTP/1.1" 200 615 "-" "Wget" "-"
::1 - - [18/Jul/2025:15:33:40 -0400] "GET / HTTP/1.1" 200 615 "-" "Wget" "-"
::1 - - [18/Jul/2025:15:34:10 -0400] "GET / HTTP/1.1" 200 615 "-" "Wget" "-"
::1 - - [18/Jul/2025:15:34:40 -0400] "GET / HTTP/1.1" 200 615 "-" "Wget" "-"
::1 - - [18/Jul/2025:15:35:11 -0400] "GET / HTTP/1.1" 200 615 "-" "Wget" "-"
::1 - - [18/Jul/2025:15:35:41 -0400] "GET / HTTP/1.1" 200 615 "-" "Wget" "-"
::1 - - [18/Jul/2025:15:36:11 -0400] "GET / HTTP/1.1" 200 615 "-" "Wget" "-"
::1 - - [18/Jul/2025:15:36:41 -0400] "GET / HTTP/1.1" 200 615 "-" "Wget" "-"
::1 - - [18/Jul/2025:15:37:11 -0400] "GET / HTTP/1.1" 200 615 "-" "Wget" "-"
::1 - - [18/Jul/2025:15:37:41 -0400] "GET / HTTP/1.1" 200 615 "-" "Wget" "-"
::1 - - [18/Jul/2025:15:38:11 -0400] "GET / HTTP/1.1" 200 615 "-" "Wget" "-"
::1 - - [18/Jul/2025:15:38:41 -0400] "GET / HTTP/1.1" 200 615 "-" "Wget" "-"
::1 - - [18/Jul/2025:15:39:11 -0400] "GET / HTTP/1.1" 200 615 "-" "Wget" "-"
::1 - - [18/Jul/2025:15:39:41 -0400] "GET / HTTP/1.1" 200 615 "-" "Wget" "-"
::1 - - [18/Jul/2025:15:40:11 -0400] "GET / HTTP/1.1" 200 615 "-" "Wget" "-"
::1 - - [18/Jul/2025:15:40:41 -0400] "GET / HTTP/1.1" 200 615 "-" "Wget" "-"
::1 - - [18/Jul/2025:15:41:11 -0400] "GET / HTTP/1.1" 200 615 "-" "Wget" "-"
::1 - - [18/Jul/2025:15:41:41 -0400] "GET / HTTP/1.1" 200 615 "-" "Wget" "-"
::1 - - [18/Jul/2025:15:42:11 -0400] "GET / HTTP/1.1" 200 615 "-" "Wget" "-"
::1 - - [18/Jul/2025:15:42:41 -0400] "GET / HTTP/1.1" 200 615 "-" "Wget" "-"
::1 - - [18/Jul/2025:15:43:11 -0400] "GET / HTTP/1.1" 200 615 "-" "Wget" "-"
::1 - - [18/Jul/2025:15:43:42 -0400] "GET / HTTP/1.1" 200 615 "-" "Wget" "-"
::1 - - [18/Jul/2025:15:44:12 -0400] "GET / HTTP/1.1" 200 615 "-" "Wget" "-"
::1 - - [18/Jul/2025:15:44:42 -0400] "GET / HTTP/1.1" 200 615 "-" "Wget" "-"
::1 - - [18/Jul/2025:15:45:12 -0400] "GET / HTTP/1.1" 200 615 "-" "Wget" "-"
::1 - - [18/Jul/2025:15:45:42 -0400] "GET / HTTP/1.1" 200 615 "-" "Wget" "-"
::1 - - [18/Jul/2025:15:46:12 -0400] "GET / HTTP/1.1" 200 615 "-" "Wget" "-"
::1 - - [18/Jul/2025:15:46:42 -0400] "GET / HTTP/1.1" 200 615 "-" "Wget" "-"
::1 - - [18/Jul/2025:15:47:12 -0400] "GET / HTTP/1.1" 200 615 "-" "Wget" "-"
::1 - - [18/Jul/2025:15:47:42 -0400] "GET / HTTP/1.1" 200 615 "-" "Wget" "-"
::1 - - [18/Jul/2025:15:48:12 -0400] "GET / HTTP/1.1" 200 615 "-" "Wget" "-"
::1 - - [18/Jul/2025:15:48:42 -0400] "GET / HTTP/1.1" 200 615 "-" "Wget" "-"
::1 - - [18/Jul/2025:15:49:12 -0400] "GET / HTTP/1.1" 200 615 "-" "Wget" "-"
::1 - - [18/Jul/2025:15:49:42 -0400] "GET / HTTP/1.1" 200 615 "-" "Wget" "-"
::1 - - [18/Jul/2025:15:50:12 -0400] "GET / HTTP/1.1" 200 615 "-" "Wget" "-"
::1 - - [18/Jul/2025:15:50:42 -0400] "GET / HTTP/1.1" 200 615 "-" "Wget" "-"
::1 - - [18/Jul/2025:15:51:12 -0400] "GET / HTTP/1.1" 200 615 "-" "Wget" "-"
::1 - - [18/Jul/2025:15:51:43 -0400] "GET / HTTP/1.1" 200 615 "-" "Wget" "-"
::1 - - [18/Jul/2025:15:52:13 -0400] "GET / HTTP/1.1" 200 615 "-" "Wget" "-"
::1 - - [18/Jul/2025:15:52:43 -0400] "GET / HTTP/1.1" 200 615 "-" "Wget" "-"
::1 - - [18/Jul/2025:15:53:13 -0400] "GET / HTTP/1.1" 200 615 "-" "Wget" "-"
::1 - - [18/Jul/2025:15:53:43 -0400] "GET / HTTP/1.1" 200 615 "-" "Wget" "-"
::1 - - [18/Jul/2025:15:54:13 -0400] "GET / HTTP/1.1" 200 615 "-" "Wget" "-"
::1 - - [18/Jul/2025:15:54:43 -0400] "GET / HTTP/1.1" 200 615 "-" "Wget" "-"
::1 - - [18/Jul/2025:15:55:13 -0400] "GET / HTTP/1.1" 200 615 "-" "Wget" "-"
::1 - - [18/Jul/2025:15:55:43 -0400] "GET / HTTP/1.1" 200 615 "-" "Wget" "-"
::1 - - [18/Jul/2025:15:56:13 -0400] "GET / HTTP/1.1" 200 615 "-" "Wget" "-"
::1 - - [18/Jul/2025:15:56:43 -0400] "GET / HTTP/1.1" 200 615 "-" "Wget" "-"
::1 - - [18/Jul/2025:15:57:13 -0400] "GET / HTTP/1.1" 200 615 "-" "Wget" "-"
::1 - - [18/Jul/2025:15:57:43 -0400] "GET / HTTP/1.1" 200 615 "-" "Wget" "-"
::1 - - [18/Jul/2025:15:58:13 -0400] "GET / HTTP/1.1" 200 615 "-" "Wget" "-"
::1 - - [18/Jul/2025:15:58:43 -0400] "GET / HTTP/1.1" 200 615 "-" "Wget" "-"
::1 - - [18/Jul/2025:15:59:13 -0400] "GET / HTTP/1.1" 200 615 "-" "Wget" "-"
::1 - - [18/Jul/2025:15:59:44 -0400] "GET / HTTP/1.1" 200 615 "-" "Wget" "-"
::1 - - [18/Jul/2025:16:00:14 -0400] "GET / HTTP/1.1" 200 615 "-" "Wget" "-"
::1 - - [18/Jul/2025:16:00:44 -0400] "GET / HTTP/1.1" 200 615 "-" "Wget" "-"
::1 - - [18/Jul/2025:16:01:14 -0400] "GET / HTTP/1.1" 200 615 "-" "Wget" "-"
::1 - - [18/Jul/2025:16:01:44 -0400] "GET / HTTP/1.1" 200 615 "-" "Wget" "-"
::1 - - [18/Jul/2025:16:02:14 -0400] "GET / HTTP/1.1" 200 615 "-" "Wget" "-"
::1 - - [18/Jul/2025:16:02:44 -0400] "GET / HTTP/1.1" 200 615 "-" "Wget" "-"
::1 - - [18/Jul/2025:16:03:14 -0400] "GET / HTTP/1.1" 200 615 "-" "Wget" "-"
::1 - - [18/Jul/2025:16:03:44 -0400] "GET / HTTP/1.1" 200 615 "-" "Wget" "-"
::1 - - [18/Jul/2025:16:04:14 -0400] "GET / HTTP/1.1" 200 615 "-" "Wget" "-"
::1 - - [18/Jul/2025:16:04:44 -0400] "GET / HTTP/1.1" 200 615 "-" "Wget" "-"
::1 - - [18/Jul/2025:16:05:14 -0400] "GET / HTTP/1.1" 200 615 "-" "Wget" "-"
::1 - - [18/Jul/2025:16:05:44 -0400] "GET / HTTP/1.1" 200 615 "-" "Wget" "-"
::1 - - [18/Jul/2025:16:06:14 -0400] "GET / HTTP/1.1" 200 615 "-" "Wget" "-"
::1 - - [18/Jul/2025:16:06:44 -0400] "GET / HTTP/1.1" 200 615 "-" "Wget" "-"
::1 - - [18/Jul/2025:16:07:14 -0400] "GET / HTTP/1.1" 200 615 "-" "Wget" "-"
::1 - - [18/Jul/2025:16:07:45 -0400] "GET / HTTP/1.1" 200 615 "-" "Wget" "-"
::1 - - [18/Jul/2025:16:08:15 -0400] "GET / HTTP/1.1" 200 615 "-" "Wget" "-"
::1 - - [18/Jul/2025:16:08:45 -0400] "GET / HTTP/1.1" 200 615 "-" "Wget" "-"
::1 - - [18/Jul/2025:16:09:15 -0400] "GET / HTTP/1.1" 200 615 "-" "Wget" "-"
::1 - - [18/Jul/2025:16:09:45 -0400] "GET / HTTP/1.1" 200 615 "-" "Wget" "-"
::1 - - [18/Jul/2025:16:10:15 -0400] "GET / HTTP/1.1" 200 615 "-" "Wget" "-"
::1 - - [18/Jul/2025:16:10:45 -0400] "GET / HTTP/1.1" 200 615 "-" "Wget" "-"
::1 - - [18/Jul/2025:16:11:15 -0400] "GET / HTTP/1.1" 200 615 "-" "Wget" "-"
::1 - - [18/Jul/2025:16:11:45 -0400] "GET / HTTP/1.1" 200 615 "-" "Wget" "-"
::1 - - [18/Jul/2025:16:12:15 -0400] "GET / HTTP/1.1" 200 615 "-" "Wget" "-"
::1 - - [18/Jul/2025:16:12:45 -0400] "GET / HTTP/1.1" 200 615 "-" "Wget" "-"
::1 - - [18/Jul/2025:16:13:15 -0400] "GET / HTTP/1.1" 200 615 "-" "Wget" "-"
::1 - - [18/Jul/2025:16:13:45 -0400] "GET / HTTP/1.1" 200 615 "-" "Wget" "-"
::1 - - [18/Jul/2025:16:14:15 -0400] "GET / HTTP/1.1" 200 615 "-" "Wget" "-"
::1 - - [18/Jul/2025:16:14:45 -0400] "GET / HTTP/1.1" 200 615 "-" "Wget" "-"
::1 - - [18/Jul/2025:16:15:15 -0400] "GET / HTTP/1.1" 200 615 "-" "Wget" "-"
::1 - - [18/Jul/2025:16:15:46 -0400] "GET / HTTP/1.1" 200 615 "-" "Wget" "-"
::1 - - [18/Jul/2025:16:16:16 -0400] "GET / HTTP/1.1" 200 615 "-" "Wget" "-"
::1 - - [18/Jul/2025:16:16:46 -0400] "GET / HTTP/1.1" 200 615 "-" "Wget" "-"
::1 - - [18/Jul/2025:16:17:16 -0400] "GET / HTTP/1.1" 200 615 "-" "Wget" "-"
::1 - - [18/Jul/2025:16:17:46 -0400] "GET / HTTP/1.1" 200 615 "-" "Wget" "-"
::1 - - [18/Jul/2025:16:18:16 -0400] "GET / HTTP/1.1" 200 615 "-" "Wget" "-"
::1 - - [18/Jul/2025:16:18:46 -0400] "GET / HTTP/1.1" 200 615 "-" "Wget" "-"
::1 - - [18/Jul/2025:16:19:16 -0400] "GET / HTTP/1.1" 200 615 "-" "Wget" "-"
::1 - - [18/Jul/2025:16:19:46 -0400] "GET / HTTP/1.1" 200 615 "-" "Wget" "-"
::1 - - [18/Jul/2025:16:20:16 -0400] "GET / HTTP/1.1" 200 615 "-" "Wget" "-"
::1 - - [18/Jul/2025:16:20:46 -0400] "GET / HTTP/1.1" 200 615 "-" "Wget" "-"
::1 - - [18/Jul/2025:16:21:16 -0400] "GET / HTTP/1.1" 200 615 "-" "Wget" "-"
::1 - - [18/Jul/2025:16:21:46 -0400] "GET / HTTP/1.1" 200 615 "-" "Wget" "-"
::1 - - [18/Jul/2025:16:22:16 -0400] "GET / HTTP/1.1" 200 615 "-" "Wget" "-"
::1 - - [18/Jul/2025:16:22:46 -0400] "GET / HTTP/1.1" 200 615 "-" "Wget" "-"
::1 - - [18/Jul/2025:16:23:16 -0400] "GET / HTTP/1.1" 200 615 "-" "Wget" "-"
::1 - - [18/Jul/2025:16:23:46 -0400] "GET / HTTP/1.1" 200 615 "-" "Wget" "-"
::1 - - [18/Jul/2025:16:24:17 -0400] "GET / HTTP/1.1" 200 615 "-" "Wget" "-"
::1 - - [18/Jul/2025:16:24:47 -0400] "GET / HTTP/1.1" 200 615 "-" "Wget" "-"
::1 - - [18/Jul/2025:16:25:17 -0400] "GET / HTTP/1.1" 200 615 "-" "Wget" "-"
::1 - - [18/Jul/2025:16:25:47 -0400] "GET / HTTP/1.1" 200 615 "-" "Wget" "-"
::1 - - [18/Jul/2025:16:26:17 -0400] "GET / HTTP/1.1" 200 615 "-" "Wget" "-"
::1 - - [18/Jul/2025:16:26:47 -0400] "GET / HTTP/1.1" 200 615 "-" "Wget" "-"
::1 - - [18/Jul/2025:16:27:17 -0400] "GET / HTTP/1.1" 200 615 "-" "Wget" "-"
::1 - - [18/Jul/2025:16:27:47 -0400] "GET / HTTP/1.1" 200 615 "-" "Wget" "-"
::1 - - [18/Jul/2025:16:28:17 -0400] "GET / HTTP/1.1" 200 615 "-" "Wget" "-"
::1 - - [18/Jul/2025:16:28:47 -0400] "GET / HTTP/1.1" 200 615 "-" "Wget" "-"
::1 - - [18/Jul/2025:16:29:17 -0400] "GET / HTTP/1.1" 200 615 "-" "Wget" "-"
::1 - - [18/Jul/2025:16:29:47 -0400] "GET / HTTP/1.1" 200 615 "-" "Wget" "-"
::1 - - [18/Jul/2025:16:30:17 -0400] "GET / HTTP/1.1" 200 615 "-" "Wget" "-"
::1 - - [18/Jul/2025:16:30:47 -0400] "GET / HTTP/1.1" 200 615 "-" "Wget" "-"
::1 - - [18/Jul/2025:16:31:17 -0400] "GET / HTTP/1.1" 200 615 "-" "Wget" "-"
::1 - - [18/Jul/2025:16:31:48 -0400] "GET / HTTP/1.1" 200 615 "-" "Wget" "-"
::1 - - [18/Jul/2025:16:32:18 -0400] "GET / HTTP/1.1" 200 615 "-" "Wget" "-"
::1 - - [18/Jul/2025:16:32:48 -0400] "GET / HTTP/1.1" 200 615 "-" "Wget" "-"
::1 - - [18/Jul/2025:16:33:18 -0400] "GET / HTTP/1.1" 200 615 "-" "Wget" "-"
::1 - - [18/Jul/2025:16:33:48 -0400] "GET / HTTP/1.1" 200 615 "-" "Wget" "-"
::1 - - [18/Jul/2025:16:34:18 -0400] "GET / HTTP/1.1" 200 615 "-" "Wget" "-"
::1 - - [18/Jul/2025:16:34:48 -0400] "GET / HTTP/1.1" 200 615 "-" "Wget" "-"
::1 - - [18/Jul/2025:16:35:18 -0400] "GET / HTTP/1.1" 200 615 "-" "Wget" "-"
::1 - - [18/Jul/2025:16:35:48 -0400] "GET / HTTP/1.1" 200 615 "-" "Wget" "-"
::1 - - [18/Jul/2025:16:36:18 -0400] "GET / HTTP/1.1" 200 615 "-" "Wget" "-"
::1 - - [18/Jul/2025:16:36:48 -0400] "GET / HTTP/1.1" 200 615 "-" "Wget" "-"
::1 - - [18/Jul/2025:16:37:18 -0400] "GET / HTTP/1.1" 200 615 "-" "Wget" "-"
::1 - - [18/Jul/2025:16:37:48 -0400] "GET / HTTP/1.1" 200 615 "-" "Wget" "-"
::1 - - [18/Jul/2025:16:38:18 -0400] "GET / HTTP/1.1" 200 615 "-" "Wget" "-"
::1 - - [18/Jul/2025:16:38:48 -0400] "GET / HTTP/1.1" 200 615 "-" "Wget" "-"
::1 - - [18/Jul/2025:16:39:18 -0400] "GET / HTTP/1.1" 200 615 "-" "Wget" "-"
::1 - - [18/Jul/2025:16:39:49 -0400] "GET / HTTP/1.1" 200 615 "-" "Wget" "-"
::1 - - [18/Jul/2025:16:40:19 -0400] "GET / HTTP/1.1" 200 615 "-" "Wget" "-"
::1 - - [18/Jul/2025:16:40:49 -0400] "GET / HTTP/1.1" 200 615 "-" "Wget" "-"
::1 - - [18/Jul/2025:16:41:19 -0400] "GET / HTTP/1.1" 200 615 "-" "Wget" "-"
::1 - - [18/Jul/2025:16:41:49 -0400] "GET / HTTP/1.1" 200 615 "-" "Wget" "-"
::1 - - [18/Jul/2025:16:42:19 -0400] "GET / HTTP/1.1" 200 615 "-" "Wget" "-"
::1 - - [18/Jul/2025:16:42:49 -0400] "GET / HTTP/1.1" 200 615 "-" "Wget" "-"
::1 - - [18/Jul/2025:16:43:19 -0400] "GET / HTTP/1.1" 200 615 "-" "Wget" "-"
::1 - - [18/Jul/2025:16:43:49 -0400] "GET / HTTP/1.1" 200 615 "-" "Wget" "-"
::1 - - [18/Jul/2025:16:44:19 -0400] "GET / HTTP/1.1" 200 615 "-" "Wget" "-"
::1 - - [18/Jul/2025:16:44:49 -0400] "GET / HTTP/1.1" 200 615 "-" "Wget" "-"
::1 - - [18/Jul/2025:16:45:19 -0400] "GET / HTTP/1.1" 200 615 "-" "Wget" "-"
::1 - - [18/Jul/2025:16:45:49 -0400] "GET / HTTP/1.1" 200 615 "-" "Wget" "-"
::1 - - [18/Jul/2025:16:46:19 -0400] "GET / HTTP/1.1" 200 615 "-" "Wget" "-"
::1 - - [18/Jul/2025:16:46:49 -0400] "GET / HTTP/1.1" 200 615 "-" "Wget" "-"
::1 - - [18/Jul/2025:16:47:20 -0400] "GET / HTTP/1.1" 200 615 "-" "Wget" "-"
::1 - - [18/Jul/2025:16:47:50 -0400] "GET / HTTP/1.1" 200 615 "-" "Wget" "-"
::1 - - [18/Jul/2025:16:48:20 -0400] "GET / HTTP/1.1" 200 615 "-" "Wget" "-"
::1 - - [18/Jul/2025:16:48:50 -0400] "GET / HTTP/1.1" 200 615 "-" "Wget" "-"
::1 - - [18/Jul/2025:16:49:20 -0400] "GET / HTTP/1.1" 200 615 "-" "Wget" "-"
::1 - - [18/Jul/2025:16:49:50 -0400] "GET / HTTP/1.1" 200 615 "-" "Wget" "-"
::1 - - [18/Jul/2025:16:50:20 -0400] "GET / HTTP/1.1" 200 615 "-" "Wget" "-"
::1 - - [18/Jul/2025:16:50:50 -0400] "GET / HTTP/1.1" 200 615 "-" "Wget" "-"
::1 - - [18/Jul/2025:16:51:20 -0400] "GET / HTTP/1.1" 200 615 "-" "Wget" "-"
::1 - - [18/Jul/2025:16:51:50 -0400] "GET / HTTP/1.1" 200 615 "-" "Wget" "-"
::1 - - [18/Jul/2025:16:52:20 -0400] "GET / HTTP/1.1" 200 615 "-" "Wget" "-"
::1 - - [18/Jul/2025:16:52:50 -0400] "GET / HTTP/1.1" 200 615 "-" "Wget" "-"
::1 - - [18/Jul/2025:16:53:20 -0400] "GET / HTTP/1.1" 200 615 "-" "Wget" "-"
::1 - - [18/Jul/2025:16:53:50 -0400] "GET / HTTP/1.1" 200 615 "-" "Wget" "-"
::1 - - [18/Jul/2025:16:54:20 -0400] "GET / HTTP/1.1" 200 615 "-" "Wget" "-"
::1 - - [18/Jul/2025:16:54:50 -0400] "GET / HTTP/1.1" 200 615 "-" "Wget" "-"
::1 - - [18/Jul/2025:16:55:20 -0400] "GET / HTTP/1.1" 200 615 "-" "Wget" "-"
::1 - - [18/Jul/2025:16:55:50 -0400] "GET / HTTP/1.1" 200 615 "-" "Wget" "-"
::1 - - [18/Jul/2025:16:56:21 -0400] "GET / HTTP/1.1" 200 615 "-" "Wget" "-"
::1 - - [18/Jul/2025:16:56:51 -0400] "GET / HTTP/1.1" 200 615 "-" "Wget" "-"
::1 - - [18/Jul/2025:16:57:21 -0400] "GET / HTTP/1.1" 200 615 "-" "Wget" "-"
::1 - - [18/Jul/2025:16:57:51 -0400] "GET / HTTP/1.1" 200 615 "-" "Wget" "-"
::1 - - [18/Jul/2025:16:58:21 -0400] "GET / HTTP/1.1" 200 615 "-" "Wget" "-"
::1 - - [18/Jul/2025:16:58:51 -0400] "GET / HTTP/1.1" 200 615 "-" "Wget" "-"
::1 - - [18/Jul/2025:16:59:21 -0400] "GET / HTTP/1.1" 200 615 "-" "Wget" "-"
::1 - - [18/Jul/2025:16:59:51 -0400] "GET / HTTP/1.1" 200 615 "-" "Wget" "-"
::1 - - [18/Jul/2025:17:00:21 -0400] "GET / HTTP/1.1" 200 615 "-" "Wget" "-"
::1 - - [18/Jul/2025:17:00:51 -0400] "GET / HTTP/1.1" 200 615 "-" "Wget" "-"
::1 - - [18/Jul/2025:17:01:21 -0400] "GET / HTTP/1.1" 200 615 "-" "Wget" "-"
::1 - - [18/Jul/2025:17:01:51 -0400] "GET / HTTP/1.1" 200 615 "-" "Wget" "-"
::1 - - [18/Jul/2025:17:02:21 -0400] "GET / HTTP/1.1" 200 615 "-" "Wget" "-"
::1 - - [18/Jul/2025:17:02:51 -0400] "GET / HTTP/1.1" 200 615 "-" "Wget" "-"
::1 - - [18/Jul/2025:17:03:21 -0400] "GET / HTTP/1.1" 200 615 "-" "Wget" "-"
::1 - - [18/Jul/2025:17:03:51 -0400] "GET / HTTP/1.1" 200 615 "-" "Wget" "-"
::1 - - [18/Jul/2025:17:04:22 -0400] "GET / HTTP/1.1" 200 615 "-" "Wget" "-"
::1 - - [18/Jul/2025:17:04:52 -0400] "GET / HTTP/1.1" 200 615 "-" "Wget" "-"
::1 - - [18/Jul/2025:17:05:22 -0400] "GET / HTTP/1.1" 200 615 "-" "Wget" "-"
::1 - - [18/Jul/2025:17:05:52 -0400] "GET / HTTP/1.1" 200 615 "-" "Wget" "-"
::1 - - [18/Jul/2025:17:06:22 -0400] "GET / HTTP/1.1" 200 615 "-" "Wget" "-"
::1 - - [18/Jul/2025:17:06:52 -0400] "GET / HTTP/1.1" 200 615 "-" "Wget" "-"
::1 - - [18/Jul/2025:17:07:22 -0400] "GET / HTTP/1.1" 200 615 "-" "Wget" "-"
::1 - - [18/Jul/2025:17:07:52 -0400] "GET / HTTP/1.1" 200 615 "-" "Wget" "-"
::1 - - [18/Jul/2025:17:08:22 -0400] "GET / HTTP/1.1" 200 615 "-" "Wget" "-"
::1 - - [18/Jul/2025:17:08:52 -0400] "GET / HTTP/1.1" 200 615 "-" "Wget" "-"
::1 - - [18/Jul/2025:17:09:22 -0400] "GET / HTTP/1.1" 200 615 "-" "Wget" "-"
::1 - - [18/Jul/2025:17:09:52 -0400] "GET / HTTP/1.1" 200 615 "-" "Wget" "-"
::1 - - [18/Jul/2025:17:10:22 -0400] "GET / HTTP/1.1" 200 615 "-" "Wget" "-"
::1 - - [18/Jul/2025:17:10:52 -0400] "GET / HTTP/1.1" 200 615 "-" "Wget" "-"
::1 - - [18/Jul/2025:17:11:22 -0400] "GET / HTTP/1.1" 200 615 "-" "Wget" "-"
::1 - - [18/Jul/2025:17:11:53 -0400] "GET / HTTP/1.1" 200 615 "-" "Wget" "-"
::1 - - [18/Jul/2025:17:12:23 -0400] "GET / HTTP/1.1" 200 615 "-" "Wget" "-"
::1 - - [18/Jul/2025:17:12:53 -0400] "GET / HTTP/1.1" 200 615 "-" "Wget" "-"
::1 - - [18/Jul/2025:17:13:23 -0400] "GET / HTTP/1.1" 200 615 "-" "Wget" "-"
::1 - - [18/Jul/2025:17:13:53 -0400] "GET / HTTP/1.1" 200 615 "-" "Wget" "-"
::1 - - [18/Jul/2025:17:14:23 -0400] "GET / HTTP/1.1" 200 615 "-" "Wget" "-"
::1 - - [18/Jul/2025:17:14:53 -0400] "GET / HTTP/1.1" 200 615 "-" "Wget" "-"
::1 - - [18/Jul/2025:17:15:23 -0400] "GET / HTTP/1.1" 200 615 "-" "Wget" "-"
::1 - - [18/Jul/2025:17:15:53 -0400] "GET / HTTP/1.1" 200 615 "-" "Wget" "-"
::1 - - [18/Jul/2025:17:16:23 -0400] "GET / HTTP/1.1" 200 615 "-" "Wget" "-"
::1 - - [18/Jul/2025:17:16:53 -0400] "GET / HTTP/1.1" 200 615 "-" "Wget" "-"
::1 - - [18/Jul/2025:17:17:23 -0400] "GET / HTTP/1.1" 200 615 "-" "Wget" "-"
::1 - - [18/Jul/2025:17:17:53 -0400] "GET / HTTP/1.1" 200 615 "-" "Wget" "-"
::1 - - [18/Jul/2025:17:18:23 -0400] "GET / HTTP/1.1" 200 615 "-" "Wget" "-"
::1 - - [18/Jul/2025:17:18:53 -0400] "GET / HTTP/1.1" 200 615 "-" "Wget" "-"
::1 - - [18/Jul/2025:17:19:24 -0400] "GET / HTTP/1.1" 200 615 "-" "Wget" "-"
::1 - - [18/Jul/2025:17:19:54 -0400] "GET / HTTP/1.1" 200 615 "-" "Wget" "-"
::1 - - [18/Jul/2025:17:20:24 -0400] "GET / HTTP/1.1" 200 615 "-" "Wget" "-"
::1 - - [18/Jul/2025:17:20:54 -0400] "GET / HTTP/1.1" 200 615 "-" "Wget" "-"
::1 - - [18/Jul/2025:17:21:24 -0400] "GET / HTTP/1.1" 200 615 "-" "Wget" "-"
::1 - - [18/Jul/2025:17:21:54 -0400] "GET / HTTP/1.1" 200 615 "-" "Wget" "-"
::1 - - [18/Jul/2025:17:22:24 -0400] "GET / HTTP/1.1" 200 615 "-" "Wget" "-"
::1 - - [18/Jul/2025:17:22:54 -0400] "GET / HTTP/1.1" 200 615 "-" "Wget" "-"
::1 - - [18/Jul/2025:17:23:24 -0400] "GET / HTTP/1.1" 200 615 "-" "Wget" "-"
::1 - - [18/Jul/2025:17:23:54 -0400] "GET / HTTP/1.1" 200 615 "-" "Wget" "-"
::1 - - [18/Jul/2025:17:24:24 -0400] "GET / HTTP/1.1" 200 615 "-" "Wget" "-"
::1 - - [18/Jul/2025:17:24:54 -0400] "GET / HTTP/1.1" 200 615 "-" "Wget" "-"
::1 - - [18/Jul/2025:17:25:24 -0400] "GET / HTTP/1.1" 200 615 "-" "Wget" "-"
::1 - - [18/Jul/2025:17:25:54 -0400] "GET / HTTP/1.1" 200 615 "-" "Wget" "-"
::1 - - [18/Jul/2025:17:26:24 -0400] "GET / HTTP/1.1" 200 615 "-" "Wget" "-"
::1 - - [18/Jul/2025:17:26:54 -0400] "GET / HTTP/1.1" 200 615 "-" "Wget" "-"
::1 - - [18/Jul/2025:17:27:25 -0400] "GET / HTTP/1.1" 200 615 "-" "Wget" "-"
::1 - - [18/Jul/2025:17:27:55 -0400] "GET / HTTP/1.1" 200 615 "-" "Wget" "-"
::1 - - [18/Jul/2025:17:28:25 -0400] "GET / HTTP/1.1" 200 615 "-" "Wget" "-"
::1 - - [18/Jul/2025:17:28:55 -0400] "GET / HTTP/1.1" 200 615 "-" "Wget" "-"
::1 - - [18/Jul/2025:17:29:25 -0400] "GET / HTTP/1.1" 200 615 "-" "Wget" "-"
::1 - - [18/Jul/2025:17:29:55 -0400] "GET / HTTP/1.1" 200 615 "-" "Wget" "-"
::1 - - [18/Jul/2025:17:30:25 -0400] "GET / HTTP/1.1" 200 615 "-" "Wget" "-"
::1 - - [18/Jul/2025:17:30:55 -0400] "GET / HTTP/1.1" 200 615 "-" "Wget" "-"
::1 - - [18/Jul/2025:17:31:25 -0400] "GET / HTTP/1.1" 200 615 "-" "Wget" "-"
::1 - - [18/Jul/2025:17:31:55 -0400] "GET / HTTP/1.1" 200 615 "-" "Wget" "-"
::1 - - [18/Jul/2025:17:32:25 -0400] "GET / HTTP/1.1" 200 615 "-" "Wget" "-"
::1 - - [18/Jul/2025:17:32:55 -0400] "GET / HTTP/1.1" 200 615 "-" "Wget" "-"
::1 - - [18/Jul/2025:17:33:25 -0400] "GET / HTTP/1.1" 200 615 "-" "Wget" "-"
